<testsuite failures="0" name="karate/request/create.feature" skipped="0" tests="1" time="0.477461">
  <testcase classname="karate.request.create" name="Check the services by POST method" time="0.477461">
    <system-out>* url url ................................................................. passed
* def requestCreate = {"name": '#(name)',"job": '#(job)'} ................. passed
* def responseGet = read('classpath:karate/request/responseCreate.json') .. passed
Given path 'users' ........................................................ passed
And request requestCreate ................................................. passed
When method post .......................................................... passed
Then status 201 ........................................................... passed
* match response == responseGet ........................................... passed</system-out>
  </testcase>
</testsuite>
